2023/12/04 08:53:10 [notice] 1#1: using the "epoll" event method
2023/12/04 08:53:10 [notice] 1#1: nginx/1.20.2
2023/12/04 08:53:10 [notice] 1#1: built by gcc 10.2.1 20210110 (Debian 10.2.1-6) 
2023/12/04 08:53:10 [notice] 1#1: OS: Linux 5.15.49-linuxkit-pr
2023/12/04 08:53:10 [notice] 1#1: getrlimit(RLIMIT_NOFILE): 1048576:1048576
2023/12/04 08:53:10 [notice] 1#1: start worker processes
2023/12/04 08:53:10 [notice] 1#1: start worker process 30
2023/12/04 08:53:10 [notice] 1#1: start worker process 31
2023/12/04 08:53:10 [notice] 1#1: start worker process 32
2023/12/04 08:53:10 [notice] 1#1: start worker process 33
2023/12/04 08:58:42 [notice] 1#1: signal 3 (SIGQUIT) received, shutting down
2023/12/04 08:58:42 [notice] 31#31: gracefully shutting down
2023/12/04 08:58:42 [notice] 31#31: exiting
2023/12/04 08:58:42 [notice] 32#32: gracefully shutting down
2023/12/04 08:58:42 [notice] 32#32: exiting
2023/12/04 08:58:42 [notice] 33#33: gracefully shutting down
2023/12/04 08:58:42 [notice] 33#33: exiting
2023/12/04 08:58:42 [notice] 30#30: gracefully shutting down
2023/12/04 08:58:42 [notice] 31#31: exit
2023/12/04 08:58:42 [notice] 32#32: exit
2023/12/04 08:58:42 [notice] 33#33: exit
2023/12/04 08:58:42 [notice] 30#30: exiting
2023/12/04 08:58:42 [notice] 30#30: exit
2023/12/04 08:58:42 [notice] 1#1: signal 17 (SIGCHLD) received from 33
2023/12/04 08:58:42 [notice] 1#1: worker process 33 exited with code 0
2023/12/04 08:58:42 [notice] 1#1: signal 29 (SIGIO) received
2023/12/04 08:58:42 [notice] 1#1: signal 17 (SIGCHLD) received from 32
2023/12/04 08:58:42 [notice] 1#1: worker process 30 exited with code 0
2023/12/04 08:58:42 [notice] 1#1: worker process 31 exited with code 0
2023/12/04 08:58:42 [notice] 1#1: worker process 32 exited with code 0
2023/12/04 08:58:42 [notice] 1#1: exit
2023/12/04 08:58:45 [notice] 1#1: using the "epoll" event method
2023/12/04 08:58:45 [notice] 1#1: nginx/1.20.2
2023/12/04 08:58:45 [notice] 1#1: built by gcc 10.2.1 20210110 (Debian 10.2.1-6) 
2023/12/04 08:58:45 [notice] 1#1: OS: Linux 5.15.49-linuxkit-pr
2023/12/04 08:58:45 [notice] 1#1: getrlimit(RLIMIT_NOFILE): 1048576:1048576
2023/12/04 08:58:45 [notice] 1#1: start worker processes
2023/12/04 08:58:45 [notice] 1#1: start worker process 31
2023/12/04 08:58:45 [notice] 1#1: start worker process 32
2023/12/04 08:58:45 [notice] 1#1: start worker process 33
2023/12/04 08:58:45 [notice] 1#1: start worker process 34
2023/12/04 08:59:48 [notice] 1#1: signal 3 (SIGQUIT) received, shutting down
2023/12/04 08:59:48 [notice] 31#31: gracefully shutting down
2023/12/04 08:59:48 [notice] 31#31: exiting
2023/12/04 08:59:48 [notice] 32#32: gracefully shutting down
2023/12/04 08:59:48 [notice] 32#32: exiting
2023/12/04 08:59:48 [notice] 33#33: gracefully shutting down
2023/12/04 08:59:48 [notice] 33#33: exiting
2023/12/04 08:59:48 [notice] 34#34: gracefully shutting down
2023/12/04 08:59:48 [notice] 31#31: exit
2023/12/04 08:59:48 [notice] 32#32: exit
2023/12/04 08:59:48 [notice] 33#33: exit
2023/12/04 08:59:48 [notice] 34#34: exiting
2023/12/04 08:59:48 [notice] 34#34: exit
2023/12/04 08:59:48 [notice] 1#1: signal 17 (SIGCHLD) received from 31
2023/12/04 08:59:48 [notice] 1#1: worker process 31 exited with code 0
2023/12/04 08:59:48 [notice] 1#1: worker process 34 exited with code 0
2023/12/04 08:59:48 [notice] 1#1: signal 29 (SIGIO) received
2023/12/04 08:59:48 [notice] 1#1: signal 17 (SIGCHLD) received from 32
2023/12/04 08:59:48 [notice] 1#1: worker process 32 exited with code 0
2023/12/04 08:59:48 [notice] 1#1: worker process 33 exited with code 0
2023/12/04 08:59:48 [notice] 1#1: exit
2023/12/04 09:00:53 [notice] 1#1: using the "epoll" event method
2023/12/04 09:00:53 [notice] 1#1: nginx/1.20.2
2023/12/04 09:00:53 [notice] 1#1: built by gcc 10.2.1 20210110 (Debian 10.2.1-6) 
2023/12/04 09:00:53 [notice] 1#1: OS: Linux 5.15.49-linuxkit-pr
2023/12/04 09:00:53 [notice] 1#1: getrlimit(RLIMIT_NOFILE): 1048576:1048576
2023/12/04 09:00:53 [notice] 1#1: start worker processes
2023/12/04 09:00:53 [notice] 1#1: start worker process 30
2023/12/04 09:00:53 [notice] 1#1: start worker process 31
2023/12/04 09:00:53 [notice] 1#1: start worker process 32
2023/12/04 09:00:53 [notice] 1#1: start worker process 33
2023/12/04 09:01:12 [notice] 1#1: signal 3 (SIGQUIT) received, shutting down
2023/12/04 09:01:12 [notice] 30#30: gracefully shutting down
2023/12/04 09:01:12 [notice] 32#32: gracefully shutting down
2023/12/04 09:01:12 [notice] 32#32: exiting
2023/12/04 09:01:12 [notice] 31#31: gracefully shutting down
2023/12/04 09:01:12 [notice] 33#33: gracefully shutting down
2023/12/04 09:01:12 [notice] 30#30: exiting
2023/12/04 09:01:12 [notice] 32#32: exit
2023/12/04 09:01:12 [notice] 31#31: exiting
2023/12/04 09:01:12 [notice] 33#33: exiting
2023/12/04 09:01:12 [notice] 30#30: exit
2023/12/04 09:01:12 [notice] 31#31: exit
2023/12/04 09:01:12 [notice] 33#33: exit
2023/12/04 09:01:12 [notice] 1#1: signal 17 (SIGCHLD) received from 31
2023/12/04 09:01:12 [notice] 1#1: worker process 30 exited with code 0
2023/12/04 09:01:12 [notice] 1#1: worker process 31 exited with code 0
2023/12/04 09:01:12 [notice] 1#1: worker process 32 exited with code 0
2023/12/04 09:01:12 [notice] 1#1: worker process 33 exited with code 0
2023/12/04 09:01:13 [notice] 1#1: exit
2023/12/04 09:01:46 [notice] 1#1: using the "epoll" event method
2023/12/04 09:01:46 [notice] 1#1: nginx/1.20.2
2023/12/04 09:01:46 [notice] 1#1: built by gcc 10.2.1 20210110 (Debian 10.2.1-6) 
2023/12/04 09:01:46 [notice] 1#1: OS: Linux 5.15.49-linuxkit-pr
2023/12/04 09:01:46 [notice] 1#1: getrlimit(RLIMIT_NOFILE): 1048576:1048576
2023/12/04 09:01:46 [notice] 1#1: start worker processes
2023/12/04 09:01:46 [notice] 1#1: start worker process 30
2023/12/04 09:01:46 [notice] 1#1: start worker process 31
2023/12/04 09:01:46 [notice] 1#1: start worker process 32
2023/12/04 09:01:46 [notice] 1#1: start worker process 33
2023/12/04 09:09:14 [notice] 1#1: signal 3 (SIGQUIT) received, shutting down
2023/12/04 09:09:14 [notice] 30#30: gracefully shutting down
2023/12/04 09:09:14 [notice] 30#30: exiting
2023/12/04 09:09:14 [notice] 31#31: gracefully shutting down
2023/12/04 09:09:14 [notice] 31#31: exiting
2023/12/04 09:09:14 [notice] 33#33: gracefully shutting down
2023/12/04 09:09:14 [notice] 33#33: exiting
2023/12/04 09:09:14 [notice] 32#32: gracefully shutting down
2023/12/04 09:09:14 [notice] 30#30: exit
2023/12/04 09:09:14 [notice] 31#31: exit
2023/12/04 09:09:14 [notice] 33#33: exit
2023/12/04 09:09:14 [notice] 32#32: exiting
2023/12/04 09:09:14 [notice] 32#32: exit
2023/12/04 09:09:14 [notice] 1#1: signal 17 (SIGCHLD) received from 33
2023/12/04 09:09:14 [notice] 1#1: worker process 33 exited with code 0
2023/12/04 09:09:14 [notice] 1#1: signal 29 (SIGIO) received
2023/12/04 09:09:14 [notice] 1#1: signal 17 (SIGCHLD) received from 30
2023/12/04 09:09:14 [notice] 1#1: worker process 30 exited with code 0
2023/12/04 09:09:14 [notice] 1#1: worker process 31 exited with code 0
2023/12/04 09:09:14 [notice] 1#1: worker process 32 exited with code 0
2023/12/04 09:09:14 [notice] 1#1: exit
2023/12/04 09:09:17 [notice] 1#1: using the "epoll" event method
2023/12/04 09:09:17 [notice] 1#1: nginx/1.20.2
2023/12/04 09:09:17 [notice] 1#1: built by gcc 10.2.1 20210110 (Debian 10.2.1-6) 
2023/12/04 09:09:17 [notice] 1#1: OS: Linux 5.15.49-linuxkit-pr
2023/12/04 09:09:17 [notice] 1#1: getrlimit(RLIMIT_NOFILE): 1048576:1048576
2023/12/04 09:09:17 [notice] 1#1: start worker processes
2023/12/04 09:09:17 [notice] 1#1: start worker process 30
2023/12/04 09:09:17 [notice] 1#1: start worker process 31
2023/12/04 09:09:17 [notice] 1#1: start worker process 32
2023/12/04 09:09:17 [notice] 1#1: start worker process 33
2023/12/04 09:12:22 [notice] 1#1: signal 3 (SIGQUIT) received, shutting down
2023/12/04 09:12:22 [notice] 30#30: gracefully shutting down
2023/12/04 09:12:22 [notice] 32#32: gracefully shutting down
2023/12/04 09:12:22 [notice] 33#33: gracefully shutting down
2023/12/04 09:12:22 [notice] 33#33: exiting
2023/12/04 09:12:22 [notice] 31#31: gracefully shutting down
2023/12/04 09:12:22 [notice] 30#30: exiting
2023/12/04 09:12:22 [notice] 32#32: exiting
2023/12/04 09:12:22 [notice] 33#33: exit
2023/12/04 09:12:22 [notice] 31#31: exiting
2023/12/04 09:12:22 [notice] 30#30: exit
2023/12/04 09:12:22 [notice] 32#32: exit
2023/12/04 09:12:22 [notice] 31#31: exit
2023/12/04 09:12:22 [notice] 1#1: signal 17 (SIGCHLD) received from 33
2023/12/04 09:12:22 [notice] 1#1: worker process 33 exited with code 0
2023/12/04 09:12:22 [notice] 1#1: signal 29 (SIGIO) received
2023/12/04 09:12:22 [notice] 1#1: signal 17 (SIGCHLD) received from 30
2023/12/04 09:12:22 [notice] 1#1: worker process 30 exited with code 0
2023/12/04 09:12:22 [notice] 1#1: worker process 31 exited with code 0
2023/12/04 09:12:22 [notice] 1#1: worker process 32 exited with code 0
2023/12/04 09:12:22 [notice] 1#1: exit
2023/12/04 09:12:55 [notice] 1#1: using the "epoll" event method
2023/12/04 09:12:55 [notice] 1#1: nginx/1.20.2
2023/12/04 09:12:55 [notice] 1#1: built by gcc 10.2.1 20210110 (Debian 10.2.1-6) 
2023/12/04 09:12:55 [notice] 1#1: OS: Linux 5.15.49-linuxkit-pr
2023/12/04 09:12:55 [notice] 1#1: getrlimit(RLIMIT_NOFILE): 1048576:1048576
2023/12/04 09:12:55 [notice] 1#1: start worker processes
2023/12/04 09:12:55 [notice] 1#1: start worker process 30
2023/12/04 09:12:55 [notice] 1#1: start worker process 31
2023/12/04 09:12:55 [notice] 1#1: start worker process 32
2023/12/04 09:12:55 [notice] 1#1: start worker process 33
2023/12/04 09:14:50 [notice] 1#1: signal 3 (SIGQUIT) received, shutting down
2023/12/04 09:14:50 [notice] 30#30: gracefully shutting down
2023/12/04 09:14:50 [notice] 30#30: exiting
2023/12/04 09:14:50 [notice] 32#32: gracefully shutting down
2023/12/04 09:14:50 [notice] 32#32: exiting
2023/12/04 09:14:50 [notice] 31#31: gracefully shutting down
2023/12/04 09:14:50 [notice] 31#31: exiting
2023/12/04 09:14:50 [notice] 33#33: gracefully shutting down
2023/12/04 09:14:50 [notice] 30#30: exit
2023/12/04 09:14:50 [notice] 32#32: exit
2023/12/04 09:14:50 [notice] 31#31: exit
2023/12/04 09:14:50 [notice] 33#33: exiting
2023/12/04 09:14:50 [notice] 33#33: exit
2023/12/04 09:14:50 [notice] 1#1: signal 17 (SIGCHLD) received from 30
2023/12/04 09:14:50 [notice] 1#1: worker process 30 exited with code 0
2023/12/04 09:14:50 [notice] 1#1: signal 29 (SIGIO) received
2023/12/04 09:14:50 [notice] 1#1: signal 17 (SIGCHLD) received from 33
2023/12/04 09:14:50 [notice] 1#1: worker process 31 exited with code 0
2023/12/04 09:14:50 [notice] 1#1: worker process 32 exited with code 0
2023/12/04 09:14:50 [notice] 1#1: worker process 33 exited with code 0
2023/12/04 09:14:50 [notice] 1#1: exit
2023/12/04 09:15:02 [notice] 1#1: using the "epoll" event method
2023/12/04 09:15:02 [notice] 1#1: nginx/1.20.2
2023/12/04 09:15:02 [notice] 1#1: built by gcc 10.2.1 20210110 (Debian 10.2.1-6) 
2023/12/04 09:15:02 [notice] 1#1: OS: Linux 5.15.49-linuxkit-pr
2023/12/04 09:15:02 [notice] 1#1: getrlimit(RLIMIT_NOFILE): 1048576:1048576
2023/12/04 09:15:02 [notice] 1#1: start worker processes
2023/12/04 09:15:02 [notice] 1#1: start worker process 30
2023/12/04 09:15:02 [notice] 1#1: start worker process 31
2023/12/04 09:15:02 [notice] 1#1: start worker process 32
2023/12/04 09:15:02 [notice] 1#1: start worker process 33
2023/12/04 09:15:25 [notice] 1#1: signal 3 (SIGQUIT) received, shutting down
2023/12/04 09:15:25 [notice] 30#30: gracefully shutting down
2023/12/04 09:15:25 [notice] 30#30: exiting
2023/12/04 09:15:25 [notice] 31#31: gracefully shutting down
2023/12/04 09:15:25 [notice] 32#32: gracefully shutting down
2023/12/04 09:15:25 [notice] 33#33: gracefully shutting down
2023/12/04 09:15:25 [notice] 33#33: exiting
2023/12/04 09:15:25 [notice] 30#30: exit
2023/12/04 09:15:25 [notice] 31#31: exiting
2023/12/04 09:15:25 [notice] 32#32: exiting
2023/12/04 09:15:25 [notice] 32#32: exit
2023/12/04 09:15:25 [notice] 33#33: exit
2023/12/04 09:15:25 [notice] 31#31: exit
2023/12/04 09:15:25 [notice] 1#1: signal 17 (SIGCHLD) received from 30
2023/12/04 09:15:25 [notice] 1#1: worker process 30 exited with code 0
2023/12/04 09:15:25 [notice] 1#1: signal 29 (SIGIO) received
2023/12/04 09:15:25 [notice] 1#1: signal 17 (SIGCHLD) received from 33
2023/12/04 09:15:25 [notice] 1#1: worker process 31 exited with code 0
2023/12/04 09:15:25 [notice] 1#1: worker process 32 exited with code 0
2023/12/04 09:15:25 [notice] 1#1: worker process 33 exited with code 0
2023/12/04 09:15:25 [notice] 1#1: exit
2023/12/04 09:15:35 [notice] 1#1: using the "epoll" event method
2023/12/04 09:15:35 [notice] 1#1: nginx/1.20.2
2023/12/04 09:15:35 [notice] 1#1: built by gcc 10.2.1 20210110 (Debian 10.2.1-6) 
2023/12/04 09:15:35 [notice] 1#1: OS: Linux 5.15.49-linuxkit-pr
2023/12/04 09:15:35 [notice] 1#1: getrlimit(RLIMIT_NOFILE): 1048576:1048576
2023/12/04 09:15:35 [notice] 1#1: start worker processes
2023/12/04 09:15:35 [notice] 1#1: start worker process 30
2023/12/04 09:15:35 [notice] 1#1: start worker process 31
2023/12/04 09:15:35 [notice] 1#1: start worker process 32
2023/12/04 09:15:35 [notice] 1#1: start worker process 33
2023/12/04 09:17:59 [notice] 1#1: signal 3 (SIGQUIT) received, shutting down
2023/12/04 09:17:59 [notice] 30#30: gracefully shutting down
2023/12/04 09:17:59 [notice] 31#31: gracefully shutting down
2023/12/04 09:17:59 [notice] 32#32: gracefully shutting down
2023/12/04 09:17:59 [notice] 32#32: exiting
2023/12/04 09:17:59 [notice] 33#33: gracefully shutting down
2023/12/04 09:17:59 [notice] 30#30: exiting
2023/12/04 09:17:59 [notice] 31#31: exiting
2023/12/04 09:17:59 [notice] 31#31: exit
2023/12/04 09:17:59 [notice] 32#32: exit
2023/12/04 09:17:59 [notice] 33#33: exiting
2023/12/04 09:17:59 [notice] 30#30: exit
2023/12/04 09:17:59 [notice] 33#33: exit
2023/12/04 09:17:59 [notice] 1#1: signal 17 (SIGCHLD) received from 32
2023/12/04 09:17:59 [notice] 1#1: worker process 32 exited with code 0
2023/12/04 09:17:59 [notice] 1#1: signal 29 (SIGIO) received
2023/12/04 09:17:59 [notice] 1#1: signal 17 (SIGCHLD) received from 33
2023/12/04 09:17:59 [notice] 1#1: worker process 30 exited with code 0
2023/12/04 09:17:59 [notice] 1#1: worker process 31 exited with code 0
2023/12/04 09:17:59 [notice] 1#1: worker process 33 exited with code 0
2023/12/04 09:17:59 [notice] 1#1: exit
2023/12/04 09:18:07 [notice] 1#1: using the "epoll" event method
2023/12/04 09:18:07 [notice] 1#1: nginx/1.20.2
2023/12/04 09:18:07 [notice] 1#1: built by gcc 10.2.1 20210110 (Debian 10.2.1-6) 
2023/12/04 09:18:07 [notice] 1#1: OS: Linux 5.15.49-linuxkit-pr
2023/12/04 09:18:07 [notice] 1#1: getrlimit(RLIMIT_NOFILE): 1048576:1048576
2023/12/04 09:18:07 [notice] 1#1: start worker processes
2023/12/04 09:18:07 [notice] 1#1: start worker process 30
2023/12/04 09:18:07 [notice] 1#1: start worker process 31
2023/12/04 09:18:07 [notice] 1#1: start worker process 32
2023/12/04 09:18:07 [notice] 1#1: start worker process 33
